0 info it worked if it ends with ok
1 verbose cli [ 'C:\\Program Files\\nodejs\\node.exe',
1 verbose cli   'C:\\Program Files\\nodejs\\node_modules\\npm\\bin\\npm-cli.js',
1 verbose cli   'run',
1 verbose cli   'test' ]
2 info using npm@3.3.12
3 info using node@v5.4.0
4 verbose run-script [ 'pretest', 'test', 'posttest' ]
5 info lifecycle speedy-ide@1.0.0~pretest: speedy-ide@1.0.0
6 silly lifecycle speedy-ide@1.0.0~pretest: no script for pretest, continuing
7 info lifecycle speedy-ide@1.0.0~test: speedy-ide@1.0.0
8 verbose lifecycle speedy-ide@1.0.0~test: unsafe-perm in lifecycle true
9 verbose lifecycle speedy-ide@1.0.0~test: PATH: C:\Program Files\nodejs\node_modules\npm\bin\node-gyp-bin;C:\wamp64\www\speedy-ide\node_modules\.bin;C:\Users\savoldi\bin;C:\Program Files\Git\mingw64\bin;C:\Program Files\Git\usr\local\bin;C:\Program Files\Git\usr\bin;C:\Program Files\Git\usr\bin;C:\Program Files\Git\mingw64\bin;C:\Program Files\Git\usr\bin;C:\Users\savoldi\bin;C:\Program Files\Haskell\bin;C:\Program Files\Haskell Platform\2014.2.0.0\lib\extralibs\bin;C:\Program Files\Haskell Platform\2014.2.0.0\bin;C:\ProgramData\Oracle\Java\javapath;C:\Python34;C:\Python34\Scripts;C:\WINDOWS\system32;C:\WINDOWS;C:\WINDOWS\System32\Wbem;C:\WINDOWS\System32\WindowsPowerShell\v1.0;C:\Program Files\TortoiseSVN\bin;C:\Program Files (x86)\Windows Kits\8.0\Windows Performance Toolkit;C:\Program Files\Haskell Platform\2014.2.0.0\mingw\bin;C:\wamp\bin\php\php5.4.12;C:\Program Files (x86)\Graphviz2.38\bin;C:\Program Files (x86)\Graphviz2.38\bin;C:\Program Files (x86)\Skype\Phone;C:\wamp\bin\mysql\mysql5.6.12\bin;C:\Program Files\nodejs;C:\HashiCorp\Vagrant\bin;C:\wamp64\bin\php\php5.6.16;C:\ProgramData\ComposerSetup\bin;C:\Program Files\Git\cmd;C:\Program Files\doxygen\bin;C:\Users\savoldi\AppData\Roaming\cabal\bin;C:\adt-bundle\sdk\platform-tools;C:\adt-bundle\sdk\tools;C:\ant\bin;C:\Program Files\Java\jdk1.8.0_05\lib;C:\Program Files\Java\jdk1.8.0_05\bin;C:\Users\savoldi\AppData\Roaming\npm;C:\Users\savoldi\AppData\Roaming\Composer\vendor\bin;C:\Users\savoldi\AppData\Local\Microsoft\WindowsApps;C:\Program Files\Git\usr\bin\vendor_perl;C:\Program Files\Git\usr\bin\core_perl
10 verbose lifecycle speedy-ide@1.0.0~test: CWD: C:\wamp64\www\speedy-ide
11 silly lifecycle speedy-ide@1.0.0~test: Args: [ '/d /s /c',
11 silly lifecycle   'mocha --compilers js:babel-register --recursive' ]
12 silly lifecycle speedy-ide@1.0.0~test: Returned: code: 1  signal: null
13 info lifecycle speedy-ide@1.0.0~test: Failed to exec test script
14 verbose stack Error: speedy-ide@1.0.0 test: `mocha --compilers js:babel-register --recursive`
14 verbose stack Exit status 1
14 verbose stack     at EventEmitter.<anonymous> (C:\Program Files\nodejs\node_modules\npm\lib\utils\lifecycle.js:232:16)
14 verbose stack     at emitTwo (events.js:87:13)
14 verbose stack     at EventEmitter.emit (events.js:172:7)
14 verbose stack     at ChildProcess.<anonymous> (C:\Program Files\nodejs\node_modules\npm\lib\utils\spawn.js:24:14)
14 verbose stack     at emitTwo (events.js:87:13)
14 verbose stack     at ChildProcess.emit (events.js:172:7)
14 verbose stack     at maybeClose (internal/child_process.js:821:16)
14 verbose stack     at Process.ChildProcess._handle.onexit (internal/child_process.js:211:5)
15 verbose pkgid speedy-ide@1.0.0
16 verbose cwd C:\wamp64\www\speedy-ide
17 error Windows_NT 10.0.14393
18 error argv "C:\\Program Files\\nodejs\\node.exe" "C:\\Program Files\\nodejs\\node_modules\\npm\\bin\\npm-cli.js" "run" "test"
19 error node v5.4.0
20 error npm  v3.3.12
21 error code ELIFECYCLE
22 error speedy-ide@1.0.0 test: `mocha --compilers js:babel-register --recursive`
22 error Exit status 1
23 error Failed at the speedy-ide@1.0.0 test script 'mocha --compilers js:babel-register --recursive'.
23 error Make sure you have the latest version of node.js and npm installed.
23 error If you do, this is most likely a problem with the speedy-ide package,
23 error not with npm itself.
23 error Tell the author that this fails on your system:
23 error     mocha --compilers js:babel-register --recursive
23 error You can get their info via:
23 error     npm owner ls speedy-ide
23 error There is likely additional logging output above.
24 verbose exit [ 1, true ]
